*****************************************************************
      SolidWorks Corporation - IGES Processor Status Report
*****************************************************************
=================================================================
General Information
=================================================================
Sending System Product I.D.  : BB2.iam
Receiving System Product I.D.: BB2.iam
File Name                    : No Iges File Name specified
Sending System               : AutoDesk Inventor R5.0
Preprocessor Version         : AutoDesk Inventor Iges Exporter R5.0
File Creation Date           : 20070112.200351
Model Creation Date          : 
Units                        : MM
Model Space Scale            : 1
Author                       : No Author specified
Organization                 : No Organization specified


=================================================================
Entity Processing Information
=================================================================


=================================================================
Precision analysis of IGES file:
=================================================================
  Most prevalent number of significant digits:              14
  Highest number of significant digits:                     14
  Average number of significant digits:                11.7688
  Maximum distance to origin:                          106.225
  Minimum distance to origin:                                0
  Effective number of significant digits:                   14


=================================================================
Entity Summary
=================================================================
-----------------------------------------------------------------
Type Name                                         Count Converted
---- ----                                         ----- ---------
100  Arc                                            447       447
110  Line                                           439       439
116  Point                                           91        91
120  Surface of revolution                           99        99
123  Direction                                      182       182
124  Transformation matrix                          175       175
126  Rational B-spline curve                        196       196
128  Rational B-spline surface                       70        70
141  Boundary                                       499       499
143  Bounded surface                                260       260
190  Plane surface entity                            91        91
308  Subfigure definition                             9         9
314  Color definition                                 5         5
408  Singular subfigure instance                     11        11
_________________________________________________________________


=================================================================
Result Summary
=================================================================
SolidWorks Feature Type                Count
-----------------------                -----
Solid feature(s)                       8
Surface feature(s)                     0
Curve/Sketch feature(s)                0
--------------------------------------------
Start time: Saturday, June 16, 2007 23:23:27
Finish time: Saturday, June 16, 2007 23:23:41
Processing time: 0 days, 00 hours, 00 mins, 14 secs
